SF:lib\main.dart
DA:12,0
DA:15,2
DA:17,1
DA:18,1
DA:24,1
DA:26,1
DA:27,1
DA:30,1
DA:31,1
DA:32,2
DA:33,2
DA:37,1
DA:39,1
DA:40,1
DA:41,1
DA:43,2
DA:45,1
DA:46,1
DA:47,1
LF:19
LH:18
end_of_record
SF:lib\models\cart\cart.dart
DA:10,1
DA:11,2
DA:15,1
DA:20,1
DA:21,1
DA:22,2
DA:23,2
DA:24,2
DA:26,2
DA:32,1
DA:33,1
DA:34,3
DA:35,2
DA:43,1
DA:44,2
DA:50,1
DA:51,1
DA:52,1
DA:58,1
DA:59,3
DA:60,5
DA:69,1
DA:70,2
DA:71,0
DA:73,3
DA:74,2
DA:81,1
DA:88,1
DA:89,2
DA:90,3
DA:92,1
DA:99,1
DA:100,2
DA:101,1
DA:108,1
DA:109,2
DA:112,4
DA:113,3
DA:115,0
DA:117,1
DA:122,1
DA:123,2
DA:124,1
LF:43
LH:41
end_of_record
SF:lib\models\exceptions\app_exception.dart
DA:5,1
DA:7,1
DA:9,3
DA:14,1
DA:15,1
DA:19,2
DA:23,2
DA:27,2
LF:8
LH:8
end_of_record
SF:lib\models\exceptions\http_exception.dart
DA:6,1
DA:8,1
DA:10,1
LF:3
LH:3
end_of_record
SF:lib\models\orders\order_item.dart
DA:14,1
DA:32,1
DA:33,1
DA:35,3
DA:36,3
DA:37,1
DA:38,3
DA:39,1
DA:51,0
DA:52,0
DA:53,0
DA:54,0
DA:55,0
LF:13
LH:8
end_of_record
SF:lib\models\orders\orders.dart
DA:11,1
DA:17,2
DA:24,1
DA:25,1
DA:26,1
DA:35,1
DA:36,2
DA:37,1
LF:8
LH:8
end_of_record
SF:lib\models\position\position_area.dart
DA:13,1
DA:15,1
DA:18,1
DA:19,1
DA:20,2
DA:21,1
DA:22,1
DA:23,2
DA:24,1
DA:26,3
DA:29,1
DA:30,1
DA:31,1
DA:32,2
DA:33,2
DA:35,1
DA:36,2
DA:37,2
DA:39,1
DA:40,2
DA:41,2
DA:43,1
DA:44,2
DA:45,2
DA:52,1
DA:53,7
DA:56,1
DA:57,1
DA:60,2
DA:61,0
DA:63,3
DA:64,2
DA:69,1
DA:71,7
LF:34
LH:33
end_of_record
SF:lib\models\product\category.dart
DA:31,1
DA:33,1
DA:35,1
DA:37,1
DA:39,1
DA:41,1
DA:43,1
DA:45,1
DA:47,1
DA:49,1
DA:51,1
DA:53,1
DA:55,1
DA:57,1
DA:59,1
DA:61,1
DA:63,1
DA:66,0
DA:70,1
DA:71,5
LF:20
LH:19
end_of_record
SF:lib\models\product\product.dart
DA:41,1
DA:68,1
DA:73,1
DA:74,0
DA:75,2
DA:76,3
DA:78,1
DA:80,1
DA:81,1
DA:82,3
DA:83,1
DA:84,1
DA:86,2
DA:87,3
DA:88,3
DA:89,1
DA:90,1
DA:91,1
DA:92,3
DA:93,1
DA:94,1
DA:105,1
DA:106,1
DA:107,1
DA:108,1
DA:109,1
DA:110,1
DA:112,1
DA:113,7
DA:115,5
DA:116,1
DA:117,1
DA:118,1
DA:119,1
DA:120,1
DA:121,1
DA:122,1
DA:123,1
DA:132,1
DA:134,17
DA:143,1
DA:144,1
DA:145,1
LF:43
LH:42
end_of_record
SF:lib\models\product\product_type.dart
DA:17,1
DA:19,1
DA:21,1
DA:23,1
DA:25,1
DA:27,1
DA:29,1
DA:32,0
LF:8
LH:7
end_of_record
SF:lib\models\product\products.dart
DA:10,1
DA:13,2
DA:19,1
DA:20,5
DA:29,1
DA:30,5
DA:38,1
DA:39,1
DA:40,1
DA:48,1
DA:49,2
DA:50,1
DA:58,1
DA:59,5
DA:60,2
DA:61,1
DA:70,1
DA:71,5
DA:72,1
DA:80,1
DA:81,5
DA:89,1
DA:90,1
DA:91,4
DA:100,0
DA:101,0
DA:102,0
LF:27
LH:24
end_of_record
SF:lib\models\request\request.dart
DA:20,1
DA:34,1
DA:35,1
DA:36,2
DA:37,1
DA:38,3
DA:41,1
DA:42,2
DA:43,1
DA:45,1
DA:46,4
DA:56,1
DA:57,1
DA:58,3
DA:59,2
DA:61,0
DA:62,2
DA:63,1
DA:64,5
DA:65,1
DA:66,2
DA:67,3
DA:75,1
DA:76,1
DA:77,1
DA:86,1
DA:87,1
DA:88,1
DA:91,1
DA:92,1
DA:93,1
LF:31
LH:30
end_of_record
SF:lib\models\request\request_status.dart
DA:19,1
DA:21,1
DA:23,1
DA:25,1
DA:27,1
DA:31,0
LF:6
LH:5
end_of_record
SF:lib\models\request\requests.dart
DA:13,1
DA:16,2
DA:18,2
DA:26,1
DA:27,5
DA:35,0
DA:36,0
DA:37,0
DA:45,0
DA:46,0
DA:47,0
DA:55,1
DA:56,5
DA:57,2
DA:58,1
DA:61,1
DA:62,2
DA:63,1
DA:64,5
DA:65,1
DA:66,1
DA:69,1
DA:70,1
DA:71,2
DA:72,1
DA:73,1
DA:74,2
DA:76,0
LF:28
LH:21
end_of_record
SF:lib\models\user\address.dart
DA:8,1
LF:1
LH:1
end_of_record
SF:lib\models\user\auth.dart
DA:18,1
DA:19,1
DA:20,1
DA:24,1
DA:25,1
DA:26,1
DA:30,1
DA:31,1
DA:32,1
DA:36,1
DA:37,1
DA:38,1
DA:42,1
DA:43,1
DA:47,1
DA:48,1
DA:49,3
DA:50,1
DA:51,1
DA:57,1
DA:58,1
DA:62,1
DA:63,1
DA:67,1
DA:68,1
DA:75,1
DA:80,1
DA:81,1
DA:82,1
DA:83,1
DA:84,1
DA:88,1
DA:89,1
DA:90,1
DA:91,1
DA:92,1
DA:93,0
DA:94,0
DA:99,1
DA:100,1
DA:101,0
DA:103,4
DA:104,3
DA:105,0
DA:107,1
DA:110,1
DA:111,1
DA:112,1
DA:113,1
DA:114,1
LF:50
LH:46
end_of_record
SF:lib\models\user\user.dart
DA:40,1
DA:50,1
DA:51,1
DA:52,1
DA:53,1
DA:54,1
DA:55,1
DA:56,1
DA:57,1
DA:58,1
DA:59,1
DA:60,2
DA:61,2
DA:66,1
DA:67,2
DA:68,2
DA:69,2
DA:70,2
DA:71,2
DA:72,2
DA:73,2
DA:74,2
DA:75,2
DA:76,2
DA:77,2
DA:78,2
DA:79,1
DA:80,2
DA:81,1
DA:82,2
DA:83,3
DA:89,1
DA:90,1
DA:91,1
DA:92,1
DA:93,1
DA:94,1
DA:95,1
DA:96,1
DA:97,1
DA:98,1
DA:99,1
DA:100,1
DA:101,1
DA:103,7
DA:108,2
DA:111,2
DA:114,2
DA:117,2
DA:120,2
DA:123,2
DA:126,2
DA:129,2
DA:132,2
DA:135,2
DA:138,2
DA:144,1
DA:145,1
DA:146,1
DA:153,1
DA:154,1
DA:155,1
DA:162,1
DA:163,1
DA:164,1
DA:171,1
DA:172,1
DA:173,1
DA:180,1
DA:181,1
DA:182,1
DA:189,1
DA:190,1
DA:191,1
DA:198,1
DA:199,1
DA:200,1
DA:207,1
DA:208,1
DA:209,1
DA:219,1
DA:220,2
DA:221,1
DA:231,1
DA:232,2
DA:233,1
DA:243,1
DA:244,2
DA:245,1
DA:255,1
DA:256,2
DA:257,1
LF:92
LH:92
end_of_record
SF:lib\services\auth_service.dart
DA:14,1
DA:22,1
DA:24,1
DA:25,1
DA:28,1
DA:31,1
DA:33,1
DA:34,1
DA:41,2
DA:42,1
DA:44,0
DA:47,1
DA:48,1
DA:49,3
DA:50,2
DA:54,1
DA:56,1
DA:57,1
DA:60,1
DA:63,1
DA:65,2
DA:76,1
DA:77,1
DA:85,1
DA:86,1
LF:25
LH:24
end_of_record
SF:lib\services\cart_service.dart
DA:14,2
DA:18,1
DA:19,1
DA:20,1
DA:22,3
DA:23,1
DA:25,2
DA:26,0
DA:29,2
DA:31,2
DA:32,1
DA:34,0
DA:42,1
DA:43,1
DA:44,1
DA:46,3
DA:47,1
DA:49,2
DA:51,2
DA:52,0
LF:20
LH:17
end_of_record
SF:lib\services\orders_service.dart
DA:17,2
DA:24,1
DA:25,2
DA:26,1
DA:27,1
DA:29,1
DA:31,1
DA:33,1
DA:34,2
DA:38,2
DA:40,1
DA:41,1
DA:42,2
DA:45,2
DA:47,0
DA:58,0
DA:59,0
DA:60,0
DA:61,0
DA:63,0
DA:65,0
DA:67,0
DA:72,0
DA:74,0
DA:77,0
LF:25
LH:14
end_of_record
SF:lib\services\position_service.dart
DA:13,2
DA:15,1
DA:17,1
DA:18,2
DA:19,1
DA:22,1
DA:25,1
DA:27,2
DA:30,1
DA:34,0
DA:38,1
DA:40,1
DA:41,1
DA:44,1
DA:47,1
DA:48,1
DA:50,2
DA:55,0
LF:18
LH:16
end_of_record
SF:lib\services\product_service.dart
DA:20,1
DA:21,2
DA:22,1
DA:25,1
DA:28,1
DA:30,1
DA:31,1
DA:35,2
LF:8
LH:8
end_of_record
SF:lib\services\products_service.dart
DA:21,2
DA:29,1
DA:31,0
DA:33,0
DA:35,1
DA:39,2
DA:40,1
DA:43,1
DA:46,1
DA:48,2
DA:50,0
DA:53,2
DA:55,2
DA:56,1
DA:58,1
DA:60,1
DA:61,2
DA:62,1
DA:64,2
DA:65,2
DA:69,0
DA:79,1
DA:81,1
DA:82,1
DA:85,1
DA:88,1
DA:90,2
DA:94,4
DA:99,0
DA:110,1
DA:111,1
DA:112,1
DA:113,1
DA:116,1
DA:119,1
DA:121,2
DA:125,0
DA:136,1
DA:137,1
DA:138,1
DA:139,1
DA:142,1
DA:144,1
DA:145,1
DA:146,1
DA:149,1
DA:150,2
DA:151,0
DA:152,0
DA:159,0
LF:50
LH:41
end_of_record
SF:lib\services\request_service.dart
DA:18,1
DA:19,1
DA:22,1
DA:23,4
DA:24,1
DA:26,2
DA:29,2
DA:30,0
LF:8
LH:7
end_of_record
SF:lib\services\requests_service.dart
DA:14,1
DA:15,1
DA:22,1
DA:23,1
DA:24,1
DA:26,3
DA:27,1
DA:29,1
DA:30,2
DA:34,2
DA:36,2
DA:37,1
DA:38,1
DA:40,1
DA:43,0
DA:47,1
DA:48,1
DA:49,1
DA:51,1
DA:52,1
DA:55,1
DA:56,2
DA:60,2
DA:61,2
DA:63,2
DA:64,1
DA:65,1
DA:67,1
DA:68,1
DA:73,0
DA:81,1
DA:82,1
DA:83,1
DA:85,3
DA:87,1
DA:89,2
DA:91,4
DA:94,0
DA:120,1
DA:122,3
DA:123,1
DA:124,1
DA:127,1
DA:130,1
DA:131,2
DA:132,0
DA:134,0
DA:140,0
LF:48
LH:42
end_of_record
SF:lib\services\user_service.dart
DA:12,2
DA:19,1
DA:20,1
DA:21,1
DA:26,1
DA:35,1
DA:36,1
DA:37,1
DA:39,3
DA:41,1
DA:43,2
DA:46,2
DA:47,0
DA:50,1
DA:59,1
DA:60,1
DA:61,1
DA:63,2
DA:64,1
DA:68,2
DA:69,0
DA:79,1
DA:80,1
DA:81,1
DA:83,3
DA:84,1
DA:88,2
DA:89,0
DA:92,2
DA:93,1
DA:103,1
DA:104,1
DA:105,1
DA:107,2
DA:108,1
DA:112,2
DA:113,0
DA:116,2
DA:117,1
LF:39
LH:35
end_of_record
SF:lib\utils\providers.dart
DA:14,3
DA:16,1
DA:17,0
DA:21,1
DA:22,0
DA:23,0
DA:24,0
DA:25,0
DA:26,0
DA:29,0
DA:33,1
DA:34,0
DA:35,0
DA:36,0
DA:37,0
DA:41,1
DA:42,0
DA:43,0
DA:44,0
DA:45,0
DA:49,1
DA:50,0
DA:51,0
DA:52,0
DA:53,0
DA:54,0
DA:57,0
DA:61,1
DA:62,0
DA:63,0
DA:64,0
DA:65,0
DA:69,1
DA:70,0
DA:74,1
DA:75,0
DA:76,0
DA:77,0
DA:78,0
DA:79,0
DA:82,0
LF:41
LH:9
end_of_record
SF:lib\utils\routes.dart
DA:8,3
DA:9,0
DA:10,0
DA:11,0
LF:4
LH:1
end_of_record
SF:lib\view\auth_screen.dart
DA:20,1
DA:21,2
DA:22,2
DA:23,1
DA:24,1
DA:25,1
DA:26,1
DA:27,1
DA:28,1
DA:29,1
DA:30,1
DA:34,1
DA:35,1
DA:36,1
DA:37,1
DA:38,1
DA:40,1
DA:43,1
DA:44,1
DA:45,1
DA:46,1
DA:48,1
DA:50,1
DA:54,1
DA:55,1
DA:57,1
DA:58,2
DA:69,3
DA:71,0
DA:73,0
DA:74,0
DA:75,0
DA:76,0
DA:78,0
DA:79,0
DA:80,0
DA:81,0
DA:84,0
DA:93,1
DA:95,0
DA:97,1
DA:98,1
DA:113,0
DA:114,0
DA:115,0
DA:116,0
DA:118,0
DA:119,0
DA:120,0
DA:122,0
DA:123,0
DA:131,1
DA:132,3
DA:136,3
DA:137,2
DA:138,1
DA:141,2
DA:143,3
DA:144,2
DA:145,2
DA:149,0
DA:150,0
DA:151,0
DA:154,0
DA:156,0
DA:158,0
DA:160,0
DA:162,0
DA:164,0
DA:167,0
DA:171,0
DA:173,2
DA:174,1
DA:178,1
DA:179,2
DA:180,2
DA:181,1
DA:184,2
DA:185,1
DA:190,1
DA:192,2
DA:193,1
DA:194,1
DA:196,3
DA:197,1
DA:198,1
DA:199,1
DA:203,1
DA:204,2
DA:205,1
DA:206,2
DA:207,2
DA:208,1
DA:209,1
DA:210,1
DA:211,1
DA:212,1
DA:213,1
DA:214,1
DA:215,1
DA:221,1
DA:222,2
DA:227,1
DA:228,2
DA:231,1
DA:235,1
DA:236,1
DA:237,3
DA:242,1
DA:243,2
DA:246,2
DA:247,1
DA:249,2
DA:254,2
DA:255,0
DA:256,0
DA:263,1
DA:266,1
DA:267,1
DA:268,1
DA:272,1
DA:274,2
DA:276,1
DA:278,1
DA:279,1
DA:280,3
DA:281,1
LF:127
LH:94
end_of_record
SF:lib\view\homepage_screen.dart
DA:36,2
DA:38,1
DA:39,1
DA:48,1
DA:49,1
DA:51,1
DA:53,0
DA:54,0
DA:55,0
DA:56,0
DA:58,0
DA:59,0
DA:61,0
DA:62,0
DA:65,0
DA:66,0
DA:67,0
DA:68,0
DA:69,0
DA:70,0
DA:72,0
DA:73,0
DA:77,0
DA:82,1
DA:84,0
DA:85,0
DA:86,0
DA:87,0
DA:91,1
DA:93,0
DA:94,0
DA:95,0
DA:96,0
DA:100,1
DA:102,0
DA:105,0
DA:106,0
DA:107,0
DA:108,0
DA:112,1
DA:114,0
DA:117,0
DA:118,0
DA:119,0
DA:120,0
DA:124,1
DA:126,0
DA:127,0
DA:128,0
DA:131,0
DA:132,0
DA:136,1
DA:138,0
DA:139,0
DA:140,0
DA:143,0
DA:144,0
DA:150,3
DA:151,2
DA:152,2
DA:154,0
DA:155,0
DA:156,0
DA:164,1
DA:166,1
DA:167,2
DA:168,1
DA:171,5
DA:172,2
DA:173,1
DA:177,1
DA:179,1
DA:182,1
DA:184,3
DA:186,1
DA:187,1
DA:189,1
DA:193,1
DA:197,1
DA:198,1
DA:199,1
DA:200,1
DA:203,1
DA:204,1
DA:205,2
DA:206,1
DA:207,1
DA:208,3
DA:209,0
DA:210,1
DA:211,1
DA:212,1
DA:213,3
DA:214,0
DA:215,0
DA:216,0
DA:217,0
DA:218,0
DA:222,1
DA:223,1
DA:224,1
DA:225,1
DA:227,1
DA:231,0
DA:238,3
DA:239,1
DA:249,3
DA:250,1
DA:254,1
DA:256,1
DA:257,1
DA:260,1
DA:263,1
DA:271,3
DA:272,1
DA:273,2
DA:274,1
LF:117
LH:62
end_of_record
SF:lib\view\on_boarding_screen.dart
DA:13,2
DA:15,1
DA:16,1
DA:22,1
DA:23,1
DA:24,1
DA:25,1
DA:26,1
DA:27,1
DA:28,1
DA:29,1
DA:35,1
DA:37,1
DA:39,1
DA:40,1
DA:41,1
DA:42,1
DA:44,1
DA:46,1
DA:48,1
DA:53,1
DA:54,1
DA:55,1
DA:57,1
DA:60,1
DA:62,1
DA:64,1
DA:75,1
DA:76,1
DA:77,1
DA:78,1
DA:79,1
DA:80,1
DA:86,1
DA:88,1
DA:90,1
DA:91,1
DA:92,1
DA:93,1
DA:95,1
DA:97,1
DA:99,1
DA:104,1
DA:105,1
DA:106,1
DA:108,1
DA:111,1
DA:113,1
DA:115,1
DA:126,1
DA:127,1
DA:128,1
DA:129,1
DA:130,1
DA:131,1
DA:137,1
DA:139,1
DA:141,1
DA:142,1
DA:143,1
DA:144,1
DA:146,1
DA:148,1
DA:150,1
DA:155,1
DA:156,1
DA:157,1
DA:159,1
DA:162,1
DA:164,1
DA:166,1
DA:180,1
DA:182,1
DA:183,1
DA:186,1
DA:187,1
DA:189,1
DA:190,1
DA:192,1
DA:193,1
DA:196,1
DA:197,1
DA:198,1
DA:200,1
DA:206,1
DA:207,1
DA:209,1
DA:210,0
DA:212,0
DA:215,1
DA:216,1
DA:217,1
DA:219,1
DA:225,1
DA:226,1
DA:228,1
DA:229,0
DA:230,0
DA:231,0
DA:232,0
DA:234,1
DA:235,1
DA:236,1
DA:238,1
DA:244,1
DA:246,2
DA:247,1
DA:248,1
DA:249,1
DA:250,0
DA:251,0
DA:253,1
DA:254,1
DA:255,1
DA:256,1
DA:257,1
DA:259,1
DA:260,1
DA:261,1
DA:262,1
DA:264,1
DA:265,3
DA:268,1
DA:271,1
DA:273,2
DA:274,1
DA:275,1
DA:282,1
DA:284,1
DA:287,1
DA:288,1
DA:290,1
DA:291,2
DA:293,3
DA:294,1
DA:298,1
DA:300,1
DA:301,2
DA:303,3
DA:304,1
DA:305,1
LF:141
LH:133
end_of_record
SF:lib\view\splash_screen.dart
DA:5,3
DA:7,1
DA:8,1
DA:16,1
DA:18,1
DA:19,2
DA:21,1
DA:22,3
DA:24,3
DA:25,1
DA:26,0
DA:27,1
DA:28,0
DA:31,2
DA:34,1
DA:36,2
DA:37,1
DA:40,1
DA:42,1
DA:43,1
DA:44,1
DA:46,1
DA:47,1
LF:23
LH:21
end_of_record
SF:lib\view\widgets\common\custom_theme.dart
DA:7,2
DA:8,2
DA:9,2
DA:10,0
DA:11,2
DA:21,3
DA:22,1
DA:23,1
DA:27,1
DA:28,1
DA:29,1
DA:30,1
DA:31,1
DA:32,1
DA:37,3
DA:38,1
DA:39,1
DA:44,1
DA:45,1
DA:46,1
DA:47,1
DA:48,1
DA:49,1
DA:54,3
DA:56,1
DA:61,1
DA:63,1
DA:64,1
DA:69,3
DA:70,2
DA:72,1
DA:74,1
DA:79,3
DA:80,2
DA:82,1
DA:84,1
DA:89,0
DA:90,0
DA:92,0
DA:94,0
DA:99,0
DA:100,0
DA:102,0
DA:104,0
DA:109,1
DA:110,1
DA:111,1
DA:112,1
DA:113,3
DA:114,1
LF:50
LH:41
end_of_record
SF:lib\view_models\cart_view_models\cart_view_model.dart
DA:18,0
DA:19,0
DA:23,1
DA:24,2
DA:25,2
DA:26,1
DA:30,0
DA:31,0
DA:34,0
DA:35,0
DA:36,0
DA:37,0
DA:40,0
DA:41,0
DA:42,0
DA:46,1
DA:47,2
DA:51,0
DA:52,0
DA:58,1
DA:59,2
DA:60,3
DA:61,1
DA:67,0
DA:68,0
DA:69,0
DA:70,0
DA:76,0
DA:77,0
DA:78,0
DA:79,0
DA:85,0
DA:86,0
DA:87,0
DA:88,0
DA:94,0
DA:95,0
DA:96,0
DA:97,0
DA:103,0
DA:104,0
DA:105,0
DA:106,0
LF:43
LH:10
end_of_record
SF:lib\view_models\content_view_models\content_view_model.dart
DA:4,1
DA:10,1
DA:12,2
DA:13,0
DA:14,0
DA:15,2
DA:17,0
DA:18,0
DA:19,0
DA:22,1
DA:23,1
DA:24,1
DA:27,0
DA:28,0
DA:29,0
DA:32,0
DA:33,0
DA:34,0
LF:18
LH:7
end_of_record
SF:lib\view_models\order_view_models\orders_view_model.dart
DA:18,0
DA:19,0
DA:23,0
DA:25,0
DA:26,0
DA:30,0
DA:31,0
DA:32,0
DA:33,0
DA:35,0
DA:36,0
DA:37,0
DA:40,0
DA:41,0
DA:43,0
DA:44,0
DA:47,0
DA:48,0
DA:49,0
DA:50,0
DA:51,0
DA:54,0
DA:55,0
DA:56,0
DA:57,0
DA:58,0
DA:61,0
DA:62,0
DA:63,0
DA:64,0
DA:65,0
DA:66,0
DA:67,0
DA:72,0
DA:73,0
DA:74,0
DA:75,0
DA:76,0
DA:77,0
DA:78,0
DA:79,0
DA:84,0
DA:85,0
DA:89,0
DA:90,0
DA:91,0
DA:92,0
DA:93,0
DA:104,0
DA:105,0
DA:107,0
DA:108,0
DA:114,0
DA:115,0
DA:116,0
DA:117,0
LF:56
LH:0
end_of_record
SF:lib\view_models\position_view_models\position_view_model.dart
DA:21,0
DA:22,0
DA:25,1
DA:27,2
DA:28,1
DA:29,2
DA:30,0
DA:33,0
DA:35,0
DA:36,0
DA:37,0
DA:40,0
DA:41,0
DA:42,0
DA:43,0
DA:47,1
DA:48,1
DA:50,0
DA:51,0
DA:64,0
DA:65,0
DA:66,0
DA:75,0
DA:82,0
DA:83,0
DA:84,0
DA:85,0
DA:86,0
DA:87,0
DA:88,0
DA:91,0
DA:93,0
DA:94,0
DA:97,0
DA:98,0
DA:99,0
DA:106,0
DA:107,0
DA:108,0
DA:109,0
DA:110,0
DA:111,0
DA:112,0
DA:113,0
DA:114,0
DA:115,0
DA:116,0
DA:117,0
DA:118,0
DA:119,0
DA:120,0
DA:123,0
DA:124,0
DA:125,0
DA:126,0
DA:130,0
DA:131,0
LF:57
LH:6
end_of_record
SF:lib\view_models\product_view_models\products_view_model.dart
DA:25,0
DA:26,0
DA:30,1
DA:32,1
DA:33,2
DA:34,2
DA:35,1
DA:41,3
DA:42,1
DA:43,2
DA:44,1
DA:47,0
DA:48,0
DA:59,0
DA:61,0
DA:62,0
DA:63,0
DA:64,0
DA:65,0
DA:66,0
DA:68,0
DA:69,0
DA:72,0
DA:75,0
DA:79,0
DA:81,0
DA:82,0
DA:86,0
DA:87,0
DA:90,0
DA:94,0
DA:100,0
DA:101,0
DA:107,0
DA:108,0
DA:109,0
DA:110,0
DA:116,0
DA:117,0
DA:118,0
DA:119,0
DA:125,0
DA:126,0
DA:127,0
DA:128,0
DA:134,1
DA:136,2
DA:137,2
DA:138,1
DA:141,0
DA:142,0
DA:143,0
LF:52
LH:13
end_of_record
SF:lib\view_models\request_view_models\request_list_view_model.dart
DA:15,0
DA:16,0
DA:23,0
DA:25,0
DA:26,0
DA:27,0
DA:35,0
DA:36,0
DA:37,0
DA:39,0
DA:40,0
DA:41,0
DA:43,0
DA:44,0
DA:45,0
DA:47,0
DA:48,0
DA:49,0
DA:50,0
DA:51,0
DA:52,0
DA:53,0
DA:55,0
DA:56,0
DA:57,0
DA:60,0
DA:61,0
DA:62,0
DA:63,0
DA:64,0
DA:65,0
DA:70,0
DA:71,0
DA:72,0
DA:73,0
DA:74,0
DA:75,0
DA:80,0
DA:81,0
DA:82,0
DA:83,0
DA:84,0
DA:85,0
DA:90,0
DA:91,0
DA:92,0
DA:93,0
DA:94,0
DA:95,0
DA:96,0
DA:104,0
DA:105,0
DA:110,0
DA:111,0
DA:112,0
DA:115,0
DA:116,0
DA:117,0
DA:118,0
DA:123,0
DA:124,0
DA:125,0
DA:126,0
DA:131,0
DA:132,0
DA:133,0
DA:134,0
DA:135,0
DA:137,0
LF:69
LH:0
end_of_record
SF:lib\view_models\user_view_models\auth_view_model.dart
DA:23,1
DA:24,2
DA:25,2
DA:31,0
DA:36,0
DA:41,3
DA:49,0
DA:50,0
DA:51,0
DA:52,0
DA:53,0
DA:62,1
DA:63,3
DA:64,1
DA:73,0
DA:74,0
DA:75,0
DA:79,0
DA:80,0
DA:82,0
DA:85,0
DA:86,0
DA:87,0
DA:88,0
DA:89,0
DA:97,0
DA:98,0
DA:99,0
LF:28
LH:7
end_of_record
SF:lib\view_models\user_view_models\user_view_model.dart
DA:12,0
DA:13,0
DA:16,1
DA:17,2
DA:20,0
DA:22,0
DA:23,0
DA:24,0
DA:25,0
DA:26,0
DA:28,0
DA:30,3
DA:32,3
DA:34,0
DA:36,0
DA:37,0
DA:39,0
DA:41,0
DA:43,0
DA:47,0
DA:48,0
DA:49,0
DA:52,0
DA:58,0
DA:59,0
DA:61,0
DA:62,0
DA:63,0
DA:66,1
DA:67,3
DA:68,1
DA:71,0
DA:72,0
DA:73,0
DA:76,0
DA:77,0
DA:78,0
DA:81,0
DA:82,0
DA:83,0
DA:86,0
DA:87,0
DA:88,0
DA:91,0
DA:92,0
DA:93,0
DA:96,0
DA:97,0
DA:98,0
DA:101,0
DA:102,0
DA:103,0
DA:106,0
DA:107,0
DA:108,0
DA:111,0
DA:112,0
DA:113,0
DA:116,0
DA:117,0
DA:118,0
DA:121,0
DA:122,0
DA:123,0
DA:126,0
DA:127,0
DA:128,0
DA:131,0
DA:132,0
DA:133,0
LF:70
LH:7
end_of_record
SF:lib\models\cart\cart_item.dart
DA:18,1
DA:32,1
DA:33,1
DA:34,1
DA:35,1
DA:36,1
DA:37,3
DA:38,3
DA:39,1
DA:47,1
DA:48,1
DA:49,1
DA:50,1
DA:51,1
DA:52,1
DA:53,1
DA:54,1
DA:63,1
DA:64,2
DA:65,1
DA:73,1
DA:74,2
DA:75,2
DA:76,1
LF:24
LH:24
end_of_record
SF:lib\services\protected_service.dart
DA:10,1
LF:1
LH:1
end_of_record
SF:lib\utils\size_config.dart
DA:4,1
DA:10,1
DA:11,1
DA:13,3
DA:14,3
DA:15,2
DA:19,1
DA:22,2
DA:25,1
DA:27,2
LF:10
LH:10
end_of_record
SF:lib\view\widgets\common\animated_circular_progress_indicator.dart
DA:4,7
DA:6,1
DA:9,1
DA:18,1
DA:20,1
DA:21,2
DA:23,4
DA:24,2
DA:25,2
DA:27,2
DA:30,1
DA:32,2
DA:33,1
DA:36,1
DA:38,1
DA:39,2
LF:16
LH:16
end_of_record
SF:lib\view\widgets\common\custom_button.dart
DA:19,1
DA:40,1
DA:43,1
DA:44,1
DA:45,1
DA:46,1
DA:47,5
DA:48,1
DA:49,4
DA:50,1
DA:51,1
DA:52,1
DA:59,1
DA:60,0
DA:61,0
DA:62,0
DA:66,0
DA:67,0
DA:68,0
DA:69,0
DA:70,0
DA:71,0
DA:73,0
DA:77,0
DA:78,0
DA:79,0
DA:80,0
DA:86,1
DA:87,1
DA:88,1
DA:89,1
DA:90,1
DA:91,1
DA:94,1
DA:95,1
DA:98,0
DA:101,0
DA:102,0
DA:104,0
DA:105,0
DA:106,0
DA:109,0
DA:110,0
DA:111,0
DA:115,1
DA:118,1
DA:119,1
DA:120,1
DA:121,1
DA:122,1
DA:123,1
DA:124,1
DA:127,1
DA:131,1
DA:132,0
DA:133,0
DA:135,0
DA:136,0
DA:137,0
DA:138,0
DA:139,0
LF:61
LH:31
end_of_record
SF:lib\view_models\product_view_models\product_view_model.dart
DA:16,0
DA:17,0
DA:21,1
DA:22,1
DA:23,2
DA:27,0
DA:30,3
DA:32,0
DA:34,3
DA:36,0
DA:38,3
DA:40,0
DA:42,3
DA:44,0
DA:46,0
DA:48,0
DA:52,0
DA:55,0
DA:56,0
DA:57,0
DA:59,0
DA:60,0
DA:61,0
DA:62,0
DA:69,0
DA:70,0
DA:71,0
DA:77,0
DA:78,0
DA:79,0
DA:85,0
DA:86,0
DA:87,0
DA:93,0
DA:94,0
DA:95,0
DA:101,0
DA:102,0
DA:103,0
DA:109,0
DA:110,0
DA:111,0
DA:117,0
DA:118,0
DA:119,0
DA:120,0
DA:121,0
DA:122,0
DA:123,0
DA:129,0
DA:130,0
DA:131,0
DA:137,0
DA:138,0
DA:139,0
DA:145,0
DA:146,0
DA:147,0
DA:153,0
DA:154,0
DA:155,0
DA:161,0
DA:162,0
DA:163,0
DA:169,0
DA:170,0
DA:171,0
DA:174,0
DA:175,0
DA:176,0
DA:179,0
DA:180,0
DA:181,0
DA:184,0
DA:185,0
DA:186,0
LF:76
LH:7
end_of_record
SF:lib\view\widgets\homepage_widgets\barcode_scanner.dart
DA:10,0
DA:14,0
DA:16,0
DA:23,0
DA:25,0
DA:27,0
DA:28,0
DA:29,0
DA:30,0
DA:31,0
DA:32,0
DA:33,0
DA:34,0
DA:35,0
DA:38,0
DA:39,0
DA:40,0
DA:45,0
DA:47,0
DA:49,0
DA:50,0
DA:51,0
DA:54,0
DA:56,0
DA:58,0
DA:60,0
DA:61,0
DA:63,0
DA:64,0
DA:65,0
DA:67,0
DA:69,0
DA:70,0
DA:71,0
DA:72,0
DA:73,0
LF:36
LH:0
end_of_record
SF:lib\view\widgets\homepage_widgets\orders\orders_page.dart
DA:21,1
DA:23,0
DA:24,0
DA:30,0
DA:31,0
DA:32,0
DA:35,0
DA:37,0
DA:38,0
DA:41,0
DA:44,0
DA:46,0
DA:47,0
DA:48,0
DA:49,0
DA:54,0
DA:59,0
DA:60,0
DA:69,0
DA:70,0
DA:71,0
DA:72,0
DA:76,0
DA:77,0
DA:78,0
DA:80,0
DA:82,0
DA:83,0
DA:85,0
DA:86,0
DA:88,0
DA:94,0
DA:95,0
DA:97,0
DA:100,0
DA:108,0
DA:109,0
DA:110,0
DA:111,0
DA:112,0
DA:113,0
DA:121,0
DA:125,0
DA:126,0
DA:127,0
DA:128,0
DA:140,0
DA:141,0
DA:142,0
DA:143,0
DA:144,0
DA:145,0
DA:146,0
DA:147,0
DA:148,0
DA:149,0
DA:150,0
DA:151,0
DA:154,0
DA:155,0
DA:156,0
DA:157,0
DA:159,0
DA:160,0
DA:161,0
DA:171,0
DA:172,0
DA:173,0
DA:174,0
DA:175,0
DA:176,0
DA:177,0
DA:178,0
DA:180,0
DA:184,0
DA:185,0
DA:186,0
DA:187,0
DA:188,0
DA:189,0
DA:190,0
DA:199,0
DA:200,0
DA:201,0
DA:202,0
DA:203,0
DA:204,0
DA:206,0
LF:88
LH:1
end_of_record
SF:lib\view\widgets\homepage_widgets\plp\plp.dart
DA:17,1
DA:19,1
DA:20,1
DA:27,1
DA:29,1
DA:31,3
DA:32,2
DA:34,0
DA:38,1
DA:40,3
DA:41,2
DA:42,2
DA:43,1
DA:44,2
DA:45,2
DA:46,3
DA:50,2
DA:51,4
DA:54,1
DA:57,1
DA:58,1
DA:59,3
DA:60,1
DA:61,1
DA:62,0
DA:68,1
DA:70,2
DA:71,1
DA:75,2
DA:76,1
DA:77,2
DA:86,1
DA:88,1
DA:90,1
DA:91,1
DA:92,1
DA:96,1
DA:97,3
DA:98,0
DA:99,1
DA:100,1
DA:101,1
DA:103,1
DA:104,1
DA:106,1
DA:108,1
DA:113,1
DA:114,3
DA:115,0
DA:116,1
DA:117,1
DA:118,1
DA:119,1
DA:120,2
DA:128,0
DA:129,1
DA:131,1
DA:132,1
DA:133,3
DA:134,1
DA:135,1
DA:136,2
DA:143,1
DA:145,3
DA:147,0
DA:156,1
DA:157,1
LF:67
LH:61
end_of_record
SF:lib\view\widgets\homepage_widgets\requests\requests_page.dart
DA:14,1
DA:16,0
DA:17,0
DA:24,0
DA:25,0
DA:26,0
DA:27,0
DA:28,0
DA:29,0
DA:30,0
DA:33,0
DA:35,0
DA:36,0
DA:39,0
DA:41,0
DA:43,0
DA:44,0
DA:45,0
DA:46,0
DA:51,0
DA:56,0
LF:21
LH:1
end_of_record
SF:lib\view\widgets\sidebar_widgets\cart\cart_side.dart
DA:28,2
DA:30,0
DA:31,0
DA:37,0
DA:38,0
DA:39,0
DA:42,0
DA:43,0
DA:44,0
DA:45,0
DA:46,0
DA:48,0
DA:51,0
DA:58,0
DA:60,0
DA:69,0
DA:71,0
DA:72,0
DA:81,0
DA:82,0
DA:83,0
DA:84,0
DA:85,0
DA:87,0
DA:89,0
DA:90,0
DA:91,0
DA:92,0
DA:93,0
DA:94,0
DA:98,0
DA:101,0
DA:102,0
DA:103,0
DA:105,0
DA:107,0
DA:108,0
DA:110,0
DA:115,0
DA:117,0
DA:122,0
DA:124,0
DA:131,0
DA:139,0
DA:144,0
DA:147,0
DA:149,0
DA:150,0
DA:153,0
DA:158,0
DA:159,0
DA:160,0
DA:161,0
DA:162,0
DA:163,0
DA:170,0
DA:172,0
DA:173,0
DA:174,0
DA:176,0
DA:178,0
DA:182,0
DA:185,0
DA:186,0
DA:187,0
DA:188,0
DA:189,0
DA:196,0
DA:198,0
DA:199,0
DA:201,0
DA:203,0
DA:207,0
DA:219,0
DA:222,0
DA:226,0
DA:227,0
DA:233,0
DA:235,0
DA:238,0
DA:239,0
DA:241,0
DA:242,0
DA:243,0
DA:245,0
DA:246,0
DA:247,0
DA:248,0
DA:250,0
DA:251,0
DA:252,0
DA:253,0
DA:256,0
LF:93
LH:1
end_of_record
SF:lib\view\widgets\sidebar_widgets\filter.dart
DA:21,2
DA:23,0
DA:24,0
DA:35,0
DA:36,0
DA:37,0
DA:38,0
DA:39,0
DA:40,0
DA:41,0
DA:42,0
DA:44,0
DA:47,0
DA:49,0
DA:55,0
DA:56,0
DA:58,0
DA:62,0
DA:64,0
DA:73,0
DA:74,0
DA:75,0
DA:76,0
DA:77,0
DA:78,0
DA:80,0
DA:82,0
DA:84,0
DA:85,0
DA:86,0
DA:87,0
DA:93,0
DA:96,0
DA:97,0
DA:98,0
DA:101,0
DA:103,0
DA:104,0
DA:106,0
DA:107,0
DA:110,0
DA:111,0
DA:113,0
DA:115,0
DA:117,0
DA:118,0
DA:120,0
DA:121,0
DA:122,0
DA:123,0
DA:124,0
DA:126,0
DA:131,0
DA:133,0
DA:134,0
DA:136,0
DA:137,0
DA:140,0
DA:142,0
DA:144,0
DA:145,0
DA:148,0
DA:149,0
DA:150,0
DA:151,0
DA:152,0
DA:153,0
DA:157,0
DA:159,0
DA:160,0
DA:161,0
DA:162,0
DA:163,0
DA:164,0
DA:165,0
DA:166,0
DA:168,0
DA:175,0
DA:176,0
DA:179,0
DA:181,0
DA:182,0
DA:185,0
DA:186,0
DA:189,0
DA:190,0
DA:191,0
DA:192,0
DA:193,0
DA:195,0
DA:196,0
DA:197,0
DA:199,0
DA:200,0
DA:202,0
DA:204,0
DA:207,0
DA:211,0
DA:216,0
DA:217,0
DA:220,0
DA:222,0
DA:223,0
DA:226,0
DA:227,0
DA:230,0
DA:231,0
DA:232,0
DA:233,0
DA:234,0
DA:236,0
DA:237,0
DA:238,0
DA:240,0
DA:241,0
DA:243,0
DA:245,0
DA:248,0
DA:252,0
DA:257,0
DA:258,0
DA:261,0
DA:263,0
DA:264,0
DA:267,0
DA:273,0
DA:274,0
DA:275,0
DA:298,0
DA:299,0
DA:300,0
DA:302,0
DA:306,0
LF:133
LH:1
end_of_record
SF:lib\view\widgets\sidebar_widgets\order_side\order_side.dart
DA:12,1
DA:14,0
DA:15,0
DA:21,0
DA:22,0
DA:23,0
DA:26,0
DA:28,0
DA:29,0
DA:32,0
DA:35,0
DA:37,0
DA:38,0
DA:39,0
DA:40,0
DA:45,0
DA:51,0
DA:52,0
DA:53,0
DA:55,0
DA:56,0
DA:57,0
DA:59,0
DA:61,0
DA:62,0
DA:64,0
DA:65,0
DA:67,0
DA:73,0
DA:74,0
DA:77,0
DA:85,0
DA:87,0
DA:89,0
LF:34
LH:1
end_of_record
SF:lib\view\widgets\sidebar_widgets\pdp_side\pdp.dart
DA:30,2
DA:32,0
DA:33,0
DA:39,0
DA:41,0
DA:42,0
DA:44,0
DA:45,0
DA:46,0
DA:48,0
DA:49,0
DA:50,0
DA:51,0
DA:52,0
DA:61,0
DA:62,0
DA:63,0
DA:64,0
DA:65,0
DA:69,0
DA:70,0
DA:71,0
DA:72,0
DA:73,0
DA:74,0
DA:78,0
DA:80,0
DA:81,0
DA:83,0
DA:93,0
DA:94,0
DA:95,0
DA:96,0
DA:97,0
DA:99,0
DA:100,0
DA:110,0
DA:112,0
DA:114,0
DA:117,0
DA:119,0
DA:120,0
DA:129,0
DA:130,0
DA:131,0
DA:132,0
DA:135,0
DA:136,0
DA:137,0
DA:138,0
DA:139,0
DA:140,0
DA:141,0
DA:144,0
DA:145,0
DA:149,0
DA:150,0
DA:151,0
DA:154,0
DA:156,0
DA:159,0
DA:164,0
DA:165,0
DA:166,0
DA:168,0
DA:173,0
DA:176,0
DA:177,0
DA:180,0
DA:181,0
DA:184,0
DA:185,0
DA:186,0
DA:187,0
DA:188,0
DA:189,0
DA:190,0
DA:191,0
DA:193,0
DA:196,0
DA:203,0
DA:204,0
DA:205,0
DA:206,0
DA:218,0
DA:219,0
DA:223,0
DA:225,0
DA:226,0
DA:227,0
DA:228,0
DA:229,0
DA:230,0
DA:231,0
DA:232,0
DA:233,0
DA:234,0
DA:235,0
DA:239,0
DA:242,0
DA:243,0
DA:244,0
DA:250,0
DA:252,0
DA:253,0
DA:255,0
DA:256,0
DA:258,0
DA:261,0
DA:267,0
DA:270,0
DA:272,0
DA:273,0
DA:274,0
DA:277,0
DA:279,0
DA:280,0
DA:281,0
DA:282,0
DA:284,0
DA:285,0
DA:288,0
DA:292,0
DA:293,0
DA:294,0
DA:297,0
DA:298,0
DA:299,0
DA:301,0
DA:302,0
DA:304,0
DA:308,0
DA:309,0
DA:311,0
DA:313,0
DA:314,0
DA:315,0
DA:316,0
DA:318,0
DA:321,0
LF:140
LH:1
end_of_record
SF:lib\view\widgets\sidebar_widgets\profile_side\user_input_widget.dart
DA:28,2
DA:30,0
DA:31,0
DA:60,0
DA:62,0
DA:63,0
DA:64,0
DA:65,0
DA:66,0
DA:67,0
DA:70,0
DA:73,0
DA:75,0
DA:76,0
DA:77,0
DA:78,0
DA:80,0
DA:81,0
DA:82,0
DA:84,0
DA:85,0
DA:86,0
DA:87,0
DA:88,0
DA:89,0
DA:90,0
DA:91,0
DA:93,0
DA:97,0
DA:99,0
DA:102,0
DA:104,0
DA:105,0
DA:106,0
DA:107,0
DA:108,0
DA:109,0
DA:111,0
DA:121,0
DA:122,0
DA:126,0
DA:127,0
DA:128,0
DA:132,0
DA:133,0
DA:135,0
DA:138,0
DA:139,0
DA:140,0
DA:142,0
DA:143,0
DA:145,0
DA:146,0
DA:149,0
DA:156,0
DA:157,0
DA:158,0
DA:162,0
DA:167,0
DA:169,0
DA:170,0
DA:187,0
DA:190,0
DA:193,0
DA:195,0
DA:196,0
DA:197,0
DA:198,0
DA:199,0
DA:200,0
DA:206,0
DA:207,0
DA:208,0
DA:210,0
DA:212,0
DA:216,0
DA:225,0
DA:229,0
DA:230,0
DA:231,0
DA:233,0
DA:234,0
DA:235,0
DA:241,0
DA:243,0
DA:246,0
DA:248,0
DA:249,0
DA:250,0
DA:251,0
DA:252,0
DA:253,0
DA:261,0
DA:263,0
DA:264,0
DA:266,0
DA:270,0
DA:272,0
DA:274,0
DA:279,0
DA:282,0
DA:287,0
DA:290,0
DA:298,0
DA:305,0
DA:307,0
DA:308,0
DA:309,0
DA:310,0
DA:313,0
DA:314,0
DA:315,0
DA:316,0
DA:323,0
DA:326,0
DA:330,0
DA:331,0
DA:332,0
DA:333,0
DA:341,0
DA:343,0
DA:346,0
DA:350,0
DA:351,0
DA:352,0
DA:353,0
DA:361,0
DA:363,0
DA:366,0
DA:371,0
DA:372,0
DA:373,0
DA:374,0
DA:383,0
DA:385,0
DA:388,0
DA:392,0
DA:393,0
DA:394,0
DA:395,0
DA:401,0
DA:404,0
DA:408,0
DA:409,0
DA:410,0
DA:411,0
DA:412,0
DA:416,0
DA:417,0
DA:420,0
DA:425,0
DA:433,0
DA:434,0
DA:435,0
DA:436,0
DA:438,0
DA:441,0
DA:443,0
DA:463,0
DA:476,0
DA:479,0
DA:481,0
DA:482,0
DA:483,0
DA:484,0
DA:485,0
DA:486,0
DA:495,0
DA:497,0
DA:498,0
DA:499,0
DA:500,0
DA:510,0
DA:513,0
DA:515,0
DA:516,0
DA:517,0
DA:518,0
DA:519,0
DA:520,0
DA:527,0
DA:528,0
DA:533,0
DA:535,0
DA:554,0
DA:572,0
DA:590,0
DA:592,0
DA:593,0
DA:596,0
DA:597,0
DA:600,0
DA:601,0
DA:602,0
DA:605,0
DA:606,0
DA:608,0
DA:613,0
DA:614,0
DA:619,0
DA:620,0
DA:623,0
DA:624,0
DA:626,0
DA:628,0
DA:629,0
DA:632,0
DA:639,0
DA:640,0
DA:644,0
DA:645,0
DA:647,0
DA:649,0
DA:650,0
DA:651,0
DA:652,0
DA:657,0
DA:658,0
DA:665,0
DA:666,0
LF:220
LH:1
end_of_record
SF:lib\view\widgets\sidebar_widgets\requests_side\request_side.dart
DA:13,1
DA:15,0
DA:16,0
DA:22,0
DA:24,0
DA:25,0
DA:28,0
DA:30,0
LF:8
LH:1
end_of_record
SF:lib\view\widgets\sidebar_widgets\scanner_instructions.dart
DA:9,1
DA:11,0
DA:13,0
DA:14,0
DA:15,0
DA:16,0
DA:18,0
DA:19,0
DA:21,0
DA:22,0
DA:24,0
DA:26,0
DA:31,0
DA:32,0
DA:33,0
DA:34,0
DA:36,0
DA:38,0
DA:40,0
LF:19
LH:1
end_of_record
SF:lib\view\widgets\sidebar_widgets\side_bar.dart
DA:19,1
DA:21,0
DA:22,0
DA:26,0
DA:28,0
DA:32,0
DA:36,0
DA:40,0
DA:44,0
DA:48,0
DA:59,0
DA:61,0
DA:62,0
DA:63,0
DA:64,0
DA:65,0
DA:66,0
DA:68,0
DA:71,0
DA:75,0
DA:76,0
DA:77,0
LF:22
LH:1
end_of_record
SF:lib\view\widgets\ui_widgets\appbar_widget\windows_bar.dart
DA:18,1
DA:20,1
DA:21,1
DA:23,0
DA:24,0
DA:28,1
DA:31,1
DA:33,1
DA:36,2
DA:37,1
DA:38,1
DA:39,1
DA:40,1
DA:41,4
DA:42,2
DA:43,2
DA:44,1
DA:46,1
DA:47,1
DA:48,1
DA:50,1
DA:51,1
DA:53,1
DA:55,1
DA:59,1
DA:60,1
DA:61,1
DA:62,1
DA:63,1
DA:64,1
DA:65,1
DA:66,2
DA:67,2
DA:68,1
DA:71,1
DA:76,0
DA:78,0
DA:80,0
DA:83,0
DA:92,1
DA:93,0
DA:94,0
DA:96,0
DA:100,0
DA:103,1
DA:117,0
LF:46
LH:35
end_of_record
SF:lib\view\widgets\ui_widgets\menu_widget\navigation_bottom_bar.dart
DA:14,1
DA:17,1
DA:19,1
DA:21,1
DA:22,1
DA:23,2
DA:24,0
DA:25,1
DA:31,1
DA:43,1
DA:56,1
DA:58,1
DA:59,2
DA:60,3
DA:61,1
DA:63,1
DA:64,1
DA:65,1
DA:66,1
DA:68,1
DA:69,1
DA:70,1
DA:71,1
DA:75,1
DA:76,3
DA:79,1
DA:80,1
DA:81,1
DA:82,1
DA:83,4
DA:85,1
DA:86,1
DA:87,1
DA:88,1
DA:89,0
DA:90,0
DA:92,1
DA:93,1
DA:94,2
DA:96,1
DA:97,1
DA:98,1
DA:99,2
DA:101,1
DA:102,1
DA:103,0
DA:104,0
DA:106,1
DA:107,1
DA:108,1
DA:109,1
DA:110,1
DA:111,1
DA:112,2
DA:113,2
DA:114,4
DA:115,0
DA:116,1
DA:117,1
DA:118,1
DA:119,1
DA:121,1
DA:124,4
DA:125,2
DA:126,1
DA:128,1
DA:130,1
DA:132,1
DA:135,1
DA:136,2
DA:138,1
DA:139,3
DA:140,2
DA:141,0
DA:142,0
DA:143,0
DA:144,1
DA:145,1
DA:146,1
DA:147,1
DA:152,1
LF:81
LH:72
end_of_record
SF:lib\view\widgets\ui_widgets\menu_widget\navigation_side_bar.dart
DA:13,0
DA:16,0
DA:18,0
DA:20,0
DA:21,0
DA:22,0
DA:23,0
DA:24,0
DA:30,0
DA:41,0
DA:56,0
DA:58,0
DA:59,0
DA:60,0
DA:61,0
DA:63,0
DA:64,0
DA:66,0
DA:68,0
DA:70,0
DA:71,0
DA:73,0
DA:74,0
DA:78,0
DA:81,0
DA:82,0
DA:83,0
DA:84,0
DA:85,0
DA:87,0
DA:88,0
DA:89,0
DA:90,0
DA:91,0
DA:92,0
DA:94,0
DA:95,0
DA:96,0
DA:98,0
DA:99,0
DA:100,0
DA:101,0
DA:103,0
DA:104,0
DA:105,0
DA:106,0
DA:107,0
DA:108,0
DA:109,0
DA:110,0
DA:111,0
DA:112,0
DA:115,0
DA:117,0
DA:118,0
DA:119,0
DA:120,0
DA:122,0
DA:124,0
DA:126,0
DA:127,0
DA:128,0
DA:130,0
DA:131,0
DA:134,0
DA:135,0
DA:136,0
DA:137,0
DA:141,0
DA:143,0
DA:145,0
LF:71
LH:0
end_of_record
SF:lib\view\widgets\common\animated_resize.dart
DA:8,0
DA:9,0
DA:10,0
DA:17,0
DA:19,0
DA:23,0
DA:24,0
DA:27,0
DA:29,0
DA:30,0
DA:33,0
DA:37,0
DA:40,0
DA:42,0
DA:43,0
DA:45,0
DA:46,0
DA:47,0
DA:48,0
DA:49,0
DA:50,0
DA:52,0
DA:53,0
DA:58,0
LF:24
LH:0
end_of_record
SF:lib\view\widgets\common\checkable_icon_container.dart
DA:10,0
DA:19,0
DA:20,0
DA:24,0
DA:26,0
DA:27,0
DA:29,0
DA:32,0
DA:33,0
DA:34,0
DA:59,0
DA:60,0
DA:61,0
DA:62,0
DA:66,0
DA:68,0
DA:69,0
DA:71,0
LF:18
LH:0
end_of_record
SF:lib\view\widgets\common\close_button.dart
DA:10,0
DA:17,0
DA:26,0
DA:28,0
DA:29,0
DA:30,0
DA:31,0
DA:32,0
DA:33,0
DA:35,0
DA:36,0
DA:38,0
DA:40,0
DA:44,0
DA:49,0
LF:15
LH:0
end_of_record
SF:lib\view\widgets\ui_widgets\glass_rounded_container.dart
DA:13,1
DA:22,1
DA:24,1
DA:26,1
DA:27,1
DA:29,1
DA:30,1
DA:34,1
DA:35,1
DA:37,1
DA:38,1
DA:40,1
DA:47,1
DA:48,1
DA:49,1
DA:50,1
DA:51,1
DA:52,1
DA:53,1
DA:54,1
DA:55,3
DA:57,1
LF:22
LH:22
end_of_record
SF:lib\view\widgets\common\conditional_row_column.dart
DA:9,0
DA:14,0
DA:16,0
DA:18,0
DA:19,0
DA:20,0
DA:21,0
DA:22,0
DA:23,0
DA:25,0
LF:10
LH:0
end_of_record
SF:lib\view\widgets\common\custom_text_field.dart
DA:4,0
DA:38,0
DA:40,0
DA:42,0
DA:44,0
DA:53,0
DA:54,0
DA:55,0
DA:56,0
DA:57,0
DA:62,0
DA:63,0
DA:64,0
DA:65,0
DA:67,0
DA:68,0
DA:69,0
DA:71,0
DA:72,0
DA:73,0
DA:74,0
LF:21
LH:0
end_of_record
SF:lib\view\widgets\common\tag.dart
DA:16,0
DA:27,0
DA:29,0
DA:30,0
DA:34,0
DA:36,0
DA:37,0
DA:39,0
DA:40,0
DA:42,0
DA:43,0
DA:44,0
DA:45,0
DA:46,0
DA:47,0
DA:49,0
DA:50,0
DA:51,0
DA:53,0
DA:66,0
DA:67,0
DA:68,0
DA:69,0
DA:71,0
DA:75,0
DA:76,0
DA:77,0
DA:78,0
DA:79,0
DA:80,0
DA:81,0
DA:82,0
DA:88,0
DA:89,0
DA:90,0
DA:91,0
DA:92,0
DA:93,0
DA:94,0
DA:95,0
DA:96,0
DA:97,0
LF:42
LH:0
end_of_record
SF:lib\view\widgets\common\title_text.dart
DA:10,3
DA:18,0
DA:20,0
DA:22,0
DA:23,0
DA:24,0
DA:25,0
DA:27,0
DA:28,0
DA:29,0
LF:10
LH:1
end_of_record
SF:lib\view\widgets\homepage_widgets\orders\order_item.dart
DA:10,0
DA:12,0
DA:13,0
DA:17,0
DA:19,0
DA:20,0
DA:22,0
DA:23,0
DA:24,0
DA:27,0
DA:29,0
DA:30,0
DA:36,0
DA:38,0
DA:40,0
DA:41,0
DA:42,0
DA:47,0
DA:48,0
DA:56,0
DA:57,0
DA:62,0
DA:63,0
DA:64,0
DA:66,0
DA:67,0
DA:69,0
DA:73,0
DA:74,0
DA:76,0
DA:77,0
DA:85,0
DA:87,0
DA:88,0
DA:97,0
LF:35
LH:0
end_of_record
SF:lib\view_models\order_view_models\order_view_model.dart
DA:9,0
DA:10,0
DA:13,0
DA:14,0
DA:15,0
DA:16,0
DA:17,0
DA:18,0
DA:19,0
DA:21,0
DA:22,0
DA:25,0
DA:26,0
DA:27,0
LF:14
LH:0
end_of_record
SF:lib\view\widgets\homepage_widgets\screen_builder.dart
DA:9,2
DA:11,1
DA:13,3
DA:15,1
DA:16,1
DA:17,4
DA:18,1
DA:19,1
DA:21,0
DA:22,4
DA:24,0
DA:25,3
DA:26,2
LF:13
LH:11
end_of_record
SF:lib\view\widgets\homepage_widgets\orders\orders_stat_grid.dart
DA:10,0
DA:15,0
DA:21,0
DA:23,0
DA:24,0
DA:26,0
DA:28,0
DA:30,0
DA:31,0
DA:34,0
DA:35,0
DA:36,0
DA:37,0
DA:38,0
DA:39,0
DA:40,0
DA:41,0
DA:42,0
DA:45,0
DA:46,0
DA:47,0
DA:48,0
DA:49,0
DA:52,0
LF:24
LH:0
end_of_record
SF:lib\view\widgets\homepage_widgets\orders\tile_widget.dart
DA:9,0
DA:15,0
DA:17,0
DA:18,0
DA:19,0
DA:37,0
DA:38,0
DA:39,0
DA:42,0
DA:43,0
DA:44,0
DA:52,0
DA:53,0
DA:54,0
LF:14
LH:0
end_of_record
SF:lib\view\widgets\homepage_widgets\plp\product_line_item.dart
DA:23,1
DA:25,1
DA:26,1
DA:33,1
DA:34,1
DA:35,1
DA:36,0
DA:37,0
DA:38,0
DA:42,0
DA:43,0
DA:44,0
DA:45,0
DA:46,0
DA:47,0
DA:51,0
DA:53,0
DA:54,0
DA:56,0
DA:58,0
DA:59,0
DA:61,0
DA:62,0
DA:63,0
DA:64,0
DA:65,0
DA:70,0
DA:72,0
DA:83,1
DA:84,1
DA:85,1
DA:86,0
DA:87,0
DA:88,0
DA:90,0
DA:91,0
DA:93,0
DA:94,0
DA:96,0
DA:97,0
DA:98,0
DA:99,0
DA:100,0
DA:105,0
DA:107,0
DA:118,1
DA:119,1
DA:120,2
DA:121,1
DA:122,0
DA:123,0
DA:124,0
DA:125,0
DA:126,0
DA:127,0
DA:130,1
DA:137,1
DA:139,1
DA:140,2
DA:142,2
DA:143,1
DA:144,1
DA:145,1
DA:149,1
DA:151,1
DA:152,1
DA:155,1
DA:156,1
DA:157,1
DA:158,0
DA:159,0
DA:160,0
DA:161,0
DA:163,0
DA:166,2
DA:167,0
DA:168,1
DA:170,1
DA:173,1
DA:178,1
DA:179,1
DA:182,1
DA:183,1
DA:185,1
DA:187,1
DA:188,1
DA:189,1
DA:190,1
DA:193,2
DA:200,1
DA:202,1
DA:205,1
DA:206,1
DA:207,2
DA:210,1
DA:212,1
DA:217,1
DA:218,2
DA:219,2
DA:220,0
DA:223,1
DA:227,0
DA:228,0
DA:229,0
DA:232,1
DA:233,2
DA:234,1
DA:236,2
DA:238,1
DA:245,1
DA:247,1
DA:248,1
DA:249,2
DA:251,2
LF:114
LH:62
end_of_record
SF:lib\view_models\request_view_models\request_view_model.dart
DA:16,0
DA:20,0
DA:21,0
DA:22,0
DA:26,0
DA:29,0
DA:32,0
DA:35,0
DA:36,0
DA:37,0
DA:38,0
DA:40,0
DA:41,0
DA:46,0
DA:47,0
DA:48,0
DA:49,0
DA:54,0
DA:56,0
DA:57,0
DA:59,0
DA:60,0
DA:63,0
DA:65,0
DA:68,0
DA:69,0
DA:70,0
DA:75,0
DA:76,0
DA:77,0
DA:82,0
DA:83,0
LF:32
LH:0
end_of_record
SF:lib\view\widgets\homepage_widgets\requests\request_entry.dart
DA:10,0
DA:13,0
DA:15,0
DA:17,0
DA:18,0
DA:21,0
DA:22,0
DA:23,0
DA:24,0
DA:25,0
DA:26,0
DA:39,0
DA:40,0
DA:47,0
DA:49,0
DA:66,0
DA:72,0
DA:74,0
DA:75,0
DA:79,0
DA:81,0
DA:82,0
DA:85,0
DA:86,0
DA:87,0
DA:88,0
DA:89,0
DA:92,0
DA:93,0
DA:95,0
DA:96,0
DA:97,0
DA:99,0
DA:101,0
DA:103,0
DA:105,0
DA:106,0
DA:108,0
DA:109,0
DA:111,0
DA:116,0
DA:118,0
DA:120,0
DA:121,0
DA:123,0
DA:124,0
DA:125,0
DA:126,0
LF:48
LH:0
end_of_record
SF:lib\view\widgets\homepage_widgets\requests\request_tag.dart
DA:7,0
DA:11,0
DA:13,0
DA:14,0
DA:15,0
DA:16,0
DA:21,0
DA:23,0
DA:25,0
DA:27,0
DA:29,0
DA:34,0
DA:36,0
DA:38,0
DA:40,0
DA:42,0
DA:47,0
DA:49,0
DA:51,0
DA:53,0
DA:55,0
LF:21
LH:0
end_of_record
SF:lib\view\widgets\homepage_widgets\requests\request_line_widget.dart
DA:18,0
DA:24,0
DA:25,0
DA:32,0
DA:34,0
DA:35,0
DA:36,0
DA:37,0
DA:38,0
DA:39,0
DA:40,0
DA:42,0
DA:45,0
DA:46,0
DA:47,0
DA:48,0
DA:49,0
DA:50,0
DA:53,0
DA:57,0
DA:59,0
DA:60,0
DA:61,0
DA:63,0
DA:64,0
DA:66,0
DA:67,0
DA:68,0
DA:70,0
DA:71,0
DA:79,0
DA:80,0
DA:81,0
DA:91,0
DA:92,0
DA:94,0
DA:95,0
DA:96,0
DA:98,0
DA:104,0
DA:105,0
DA:107,0
DA:108,0
DA:114,0
DA:115,0
DA:123,0
DA:124,0
DA:130,0
DA:131,0
DA:132,0
DA:141,0
DA:142,0
DA:144,0
DA:145,0
DA:152,0
DA:153,0
DA:155,0
DA:156,0
DA:157,0
DA:158,0
DA:160,0
DA:161,0
DA:165,0
DA:166,0
LF:64
LH:0
end_of_record
SF:lib\view\widgets\homepage_widgets\requests\requests_clerk_page.dart
DA:17,1
DA:19,0
DA:20,0
DA:26,0
DA:29,0
DA:31,0
DA:32,0
DA:41,0
DA:42,0
DA:43,0
DA:44,0
DA:45,0
DA:49,0
DA:50,0
DA:51,0
DA:52,0
DA:54,0
DA:55,0
DA:57,0
DA:58,0
DA:60,0
DA:66,0
DA:68,0
DA:69,0
DA:71,0
DA:72,0
DA:75,0
DA:76,0
DA:77,0
DA:78,0
DA:85,0
DA:89,0
DA:90,0
DA:100,0
DA:104,0
DA:105,0
DA:106,0
DA:107,0
DA:108,0
DA:109,0
DA:110,0
DA:115,0
DA:116,0
DA:117,0
DA:118,0
DA:122,0
DA:123,0
DA:126,0
DA:127,0
DA:128,0
DA:129,0
DA:130,0
DA:138,0
DA:139,0
DA:140,0
DA:141,0
DA:142,0
DA:143,0
DA:144,0
DA:145,0
DA:146,0
DA:147,0
DA:148,0
DA:151,0
DA:152,0
DA:153,0
DA:154,0
DA:157,0
DA:158,0
DA:159,0
DA:162,0
DA:163,0
DA:167,0
DA:174,0
DA:176,0
DA:177,0
DA:178,0
DA:180,0
DA:181,0
DA:183,0
LF:80
LH:1
end_of_record
SF:lib\view\widgets\homepage_widgets\requests\user_info.dart
DA:19,0
DA:27,0
DA:29,0
DA:31,0
DA:33,0
DA:34,0
DA:35,0
DA:36,0
DA:37,0
DA:38,0
DA:39,0
DA:40,0
DA:41,0
DA:42,0
DA:43,0
DA:44,0
DA:45,0
DA:47,0
DA:48,0
DA:49,0
DA:50,0
DA:51,0
DA:53,0
DA:54,0
DA:55,0
DA:57,0
DA:60,0
DA:61,0
DA:62,0
DA:63,0
DA:65,0
DA:66,0
DA:67,0
DA:68,0
DA:69,0
DA:70,0
DA:73,0
DA:74,0
DA:75,0
LF:39
LH:0
end_of_record
SF:lib\view\widgets\homepage_widgets\requests\requests_user_page.dart
DA:14,1
DA:16,0
DA:17,0
DA:23,0
DA:25,0
DA:26,0
DA:35,0
DA:36,0
DA:37,0
DA:38,0
DA:42,0
DA:43,0
DA:44,0
DA:45,0
DA:47,0
DA:48,0
DA:50,0
DA:51,0
DA:53,0
DA:59,0
DA:60,0
DA:62,0
DA:63,0
DA:66,0
DA:67,0
DA:68,0
DA:69,0
DA:76,0
DA:80,0
DA:81,0
DA:91,0
DA:92,0
DA:93,0
DA:94,0
DA:95,0
DA:96,0
DA:97,0
DA:98,0
DA:99,0
DA:101,0
LF:40
LH:1
end_of_record
SF:lib\view\widgets\ui_widgets\appbar_widget\user_avatar.dart
DA:10,1
DA:16,1
DA:18,1
DA:19,1
DA:20,1
DA:23,1
DA:26,1
DA:27,1
DA:29,1
DA:33,1
DA:34,1
DA:36,1
DA:39,1
DA:41,1
DA:43,2
DA:44,0
DA:45,2
DA:51,1
DA:54,1
DA:56,1
DA:59,1
DA:61,1
LF:22
LH:21
end_of_record
SF:lib\view\widgets\sidebar_widgets\cart\cart_item.dart
DA:18,0
DA:20,0
DA:22,0
DA:23,0
DA:24,0
DA:39,0
DA:40,0
DA:42,0
DA:46,0
DA:47,0
DA:48,0
DA:49,0
DA:52,0
DA:53,0
DA:54,0
DA:61,0
DA:62,0
DA:63,0
DA:65,0
DA:66,0
DA:68,0
DA:71,0
DA:72,0
DA:73,0
DA:74,0
DA:75,0
DA:76,0
DA:79,0
DA:83,0
DA:86,0
DA:87,0
DA:89,0
DA:90,0
DA:92,0
DA:93,0
DA:94,0
DA:96,0
DA:97,0
DA:105,0
DA:107,0
DA:108,0
DA:109,0
DA:110,0
DA:111,0
DA:113,0
DA:123,0
DA:124,0
DA:126,0
DA:127,0
DA:128,0
DA:130,0
DA:136,0
DA:137,0
DA:143,0
DA:144,0
DA:150,0
DA:153,0
DA:154,0
DA:157,0
DA:159,0
DA:161,0
DA:162,0
DA:165,0
DA:166,0
DA:181,0
DA:184,0
DA:186,0
DA:188,0
LF:68
LH:0
end_of_record
SF:lib\view_models\cart_view_models\cart_item_view_model.dart
DA:9,0
DA:11,0
DA:12,0
DA:16,0
DA:17,0
DA:21,0
DA:22,0
DA:26,0
DA:27,0
DA:31,0
DA:32,0
DA:36,0
DA:37,0
DA:41,0
DA:42,0
DA:48,0
DA:49,0
DA:50,0
DA:56,0
DA:57,0
DA:58,0
LF:21
LH:0
end_of_record
SF:lib\view\widgets\ui_widgets\number_container_box.dart
DA:14,0
DA:24,0
DA:26,0
DA:27,0
DA:28,0
DA:30,0
DA:31,0
DA:32,0
DA:33,0
DA:34,0
DA:35,0
DA:36,0
LF:12
LH:0
end_of_record
SF:lib\view\widgets\sidebar_widgets\pdp_side\category_tag.dart
DA:6,0
DA:13,0
DA:16,0
DA:24,0
DA:26,0
DA:28,0
DA:30,0
DA:32,0
DA:34,0
DA:36,0
DA:38,0
DA:40,0
DA:42,0
DA:44,0
DA:46,0
DA:48,0
DA:50,0
DA:52,0
DA:54,0
DA:56,0
LF:20
LH:0
end_of_record
SF:lib\view\widgets\sidebar_widgets\pdp_side\product_type_tag.dart
DA:6,0
DA:13,0
DA:15,0
LF:3
LH:0
end_of_record
SF:lib\view\widgets\sidebar_widgets\profile_side\category_grid.dart
DA:8,0
DA:10,0
DA:12,0
DA:17,0
DA:19,0
DA:21,0
DA:22,0
DA:23,0
DA:24,0
DA:25,0
DA:42,0
DA:43,0
DA:61,0
DA:62,0
DA:63,0
DA:64,0
DA:65,0
DA:66,0
DA:67,0
DA:70,0
DA:71,0
DA:72,0
DA:74,0
DA:77,0
DA:85,0
LF:25
LH:0
end_of_record
SF:lib\view\widgets\sidebar_widgets\profile_side\selfie_card_widget.dart
DA:14,0
DA:16,0
DA:17,0
DA:24,0
DA:26,0
DA:27,0
DA:28,0
DA:32,0
DA:34,0
DA:36,0
DA:39,0
DA:42,0
DA:43,0
DA:44,0
DA:46,0
DA:49,0
DA:51,0
DA:52,0
DA:53,0
DA:54,0
DA:57,0
DA:59,0
DA:60,0
DA:61,0
DA:62,0
DA:68,0
DA:71,0
DA:73,0
DA:76,0
DA:78,0
DA:85,0
DA:86,0
DA:88,0
DA:92,0
LF:34
LH:0
end_of_record
SF:lib\view\widgets\sidebar_widgets\requests_side\chat_item.dart
DA:7,0
DA:18,0
DA:22,0
DA:23,0
DA:24,0
DA:26,0
DA:27,0
DA:28,0
DA:36,0
DA:37,0
DA:38,0
DA:39,0
DA:40,0
DA:42,0
DA:43,0
DA:44,0
DA:46,0
DA:47,0
DA:48,0
DA:53,0
DA:55,0
DA:56,0
DA:62,0
DA:66,0
DA:68,0
DA:72,0
DA:77,0
DA:80,0
DA:81,0
DA:82,0
DA:88,0
DA:89,0
DA:90,0
DA:91,0
DA:93,0
LF:35
LH:0
end_of_record
SF:lib\view\widgets\sidebar_widgets\requests_side\chat_side.dart
DA:11,1
DA:13,0
DA:14,0
DA:19,0
DA:21,0
DA:22,0
DA:25,0
DA:27,0
DA:29,0
DA:30,0
DA:37,0
DA:39,0
DA:40,0
DA:41,0
DA:43,0
DA:45,0
DA:46,0
DA:47,0
DA:48,0
DA:49,0
DA:50,0
DA:52,0
DA:53,0
DA:54,0
DA:61,0
DA:63,0
DA:65,0
DA:66,0
DA:67,0
DA:68,0
DA:69,0
DA:75,0
DA:78,0
DA:79,0
DA:80,0
DA:81,0
DA:82,0
DA:84,0
DA:99,0
DA:100,0
DA:103,0
DA:104,0
DA:106,0
DA:107,0
DA:109,0
DA:111,0
DA:114,0
DA:115,0
DA:147,0
LF:49
LH:1
end_of_record
SF:lib\view\widgets\sidebar_widgets\requests_side\request_side_clerk.dart
DA:17,1
DA:19,0
DA:20,0
DA:26,0
DA:27,0
DA:28,0
DA:31,0
DA:33,0
DA:34,0
DA:37,0
DA:40,0
DA:42,0
DA:43,0
DA:44,0
DA:45,0
DA:50,0
DA:56,0
DA:57,0
DA:66,0
DA:67,0
DA:69,0
DA:70,0
DA:71,0
DA:73,0
DA:75,0
DA:76,0
DA:78,0
DA:79,0
DA:81,0
DA:88,0
DA:91,0
DA:92,0
DA:97,0
DA:98,0
DA:101,0
DA:102,0
DA:103,0
DA:104,0
DA:111,0
DA:124,0
DA:128,0
DA:129,0
DA:130,0
DA:131,0
DA:132,0
DA:133,0
DA:134,0
DA:135,0
DA:136,0
DA:137,0
DA:138,0
DA:139,0
DA:140,0
DA:141,0
DA:142,0
DA:144,0
DA:147,0
DA:157,0
DA:161,0
DA:162,0
DA:163,0
DA:164,0
DA:165,0
DA:166,0
DA:167,0
DA:168,0
DA:169,0
DA:172,0
LF:68
LH:1
end_of_record
SF:lib\view\widgets\ui_widgets\appbar_widget\badge.dart
DA:6,1
DA:11,1
DA:17,1
DA:19,1
DA:21,1
DA:22,1
DA:23,1
DA:26,3
DA:27,1
DA:29,1
DA:32,1
DA:38,1
DA:39,1
DA:47,1
LF:14
LH:14
end_of_record
SF:lib\view\widgets\ui_widgets\menu_widget\menu_bar_item.dart
DA:3,3
DA:4,1
DA:12,1
DA:20,1
DA:28,1
DA:38,0
DA:39,0
DA:47,0
DA:55,0
DA:72,1
LF:10
LH:6
end_of_record
